# JRE version: Java(TM) SE Runtime Environment (8.0_77-b03) (build 1.8.0_77-b03)
# Java VM: Java HotSpot(TM) 64-Bit Server VM (25.77-b03 mixed mode windows-amd64 compressed oops)
Heap:
 PSYoungGen      total 382976K, used 167604K [0x00000000e0000000, 0x00000000ff200000, 0x0000000100000000)
  eden space 265728K, 58% used [0x00000000e0000000,0x00000000e9830dc0,0x00000000f0380000)
  from space 117248K, 10% used [0x00000000f0380000,0x00000000f0efc3a0,0x00000000f7600000)
  to   space 113664K, 0% used [0x00000000f8300000,0x00000000f8300000,0x00000000ff200000)
 ParOldGen       total 486912K, used 258945K [0x00000000a0000000, 0x00000000bdb80000, 0x00000000e0000000)
  object space 486912K, 53% used [0x00000000a0000000,0x00000000afce0558,0x00000000bdb80000)
 Metaspace       used 92142K, capacity 99198K, committed 99672K, reserved 1134592K
  class space    used 11823K, capacity 13419K, committed 13656K, reserved 1048576K
GC Heap History (10 events):
Event: 13884.767 GC heap before
{Heap before GC invocations=75 (full 9):
 PSYoungGen      total 364032K, used 363709K [0x00000000e0000000, 0x0000000100000000, 0x0000000100000000)
  eden space 267776K, 100% used [0x00000000e0000000,0x00000000f0580000,0x00000000f0580000)
  from space 96256K, 99% used [0x00000000f0580000,0x00000000f632f5d8,0x00000000f6380000)
  to   space 136704K, 0% used [0x00000000f7a80000,0x00000000f7a80000,0x0000000100000000)
 ParOldGen       total 470528K, used 304707K [0x00000000a0000000, 0x00000000bcb80000, 0x00000000e0000000)
  object space 470528K, 64% used [0x00000000a0000000,0x00000000b2990d58,0x00000000bcb80000)
 Metaspace       used 91923K, capacity 98708K, committed 99672K, reserved 1134592K
  class space    used 11783K, capacity 13359K, committed 13656K, reserved 1048576K
Event: 13884.896 GC heap after
Heap after GC invocations=75 (full 9):
 PSYoungGen      total 395264K, used 31581K [0x00000000e0000000, 0x0000000100000000, 0x0000000100000000)
  eden space 258560K, 0% used [0x00000000e0000000,0x00000000e0000000,0x00000000efc80000)
  from space 136704K, 23% used [0x00000000f7a80000,0x00000000f99576b8,0x0000000100000000)
  to   space 129024K, 0% used [0x00000000efc80000,0x00000000efc80000,0x00000000f7a80000)
 ParOldGen       total 470528K, used 399773K [0x00000000a0000000, 0x00000000bcb80000, 0x00000000e0000000)
  object space 470528K, 84% used [0x00000000a0000000,0x00000000b8667508,0x00000000bcb80000)
 Metaspace       used 91923K, capacity 98708K, committed 99672K, reserved 1134592K
  class space    used 11783K, capacity 13359K, committed 13656K, reserved 1048576K
}
Event: 13884.896 GC heap before
{Heap before GC invocations=76 (full 10):
 PSYoungGen      total 395264K, used 31581K [0x00000000e0000000, 0x0000000100000000, 0x0000000100000000)
  eden space 258560K, 0% used [0x00000000e0000000,0x00000000e0000000,0x00000000efc80000)
  from space 136704K, 23% used [0x00000000f7a80000,0x00000000f99576b8,0x0000000100000000)
  to   space 129024K, 0% used [0x00000000efc80000,0x00000000efc80000,0x00000000f7a80000)
 ParOldGen       total 470528K, used 399773K [0x00000000a0000000, 0x00000000bcb80000, 0x00000000e0000000)
  object space 470528K, 84% used [0x00000000a0000000,0x00000000b8667508,0x00000000bcb80000)
 Metaspace       used 91923K, capacity 98708K, committed 99672K, reserved 1134592K
  class space    used 11783K, capacity 13359K, committed 13656K, reserved 1048576K
Event: 13885.782 GC heap after
Heap after GC invocations=76 (full 10):
 PSYoungGen      total 395264K, used 0K [0x00000000e0000000, 0x0000000100000000, 0x0000000100000000)
  eden space 258560K, 0% used [0x00000000e0000000,0x00000000e0000000,0x00000000efc80000)
  from space 136704K, 0% used [0x00000000f7a80000,0x00000000f7a80000,0x0000000100000000)
  to   space 129024K, 0% used [0x00000000efc80000,0x00000000efc80000,0x00000000f7a80000)
 ParOldGen       total 486912K, used 244422K [0x00000000a0000000, 0x00000000bdb80000, 0x00000000e0000000)
  object space 486912K, 50% used [0x00000000a0000000,0x00000000aeeb1870,0x00000000bdb80000)
 Metaspace       used 91470K, capacity 97972K, committed 99672K, reserved 1134592K
  class space    used 11713K, capacity 13225K, committed 13656K, reserved 1048576K
}
Event: 13888.913 GC heap before
{Heap before GC invocations=77 (full 10):
 PSYoungGen      total 395264K, used 258560K [0x00000000e0000000, 0x0000000100000000, 0x0000000100000000)
  eden space 258560K, 100% used [0x00000000e0000000,0x00000000efc80000,0x00000000efc80000)
  from space 136704K, 0% used [0x00000000f7a80000,0x00000000f7a80000,0x0000000100000000)
  to   space 129024K, 0% used [0x00000000efc80000,0x00000000efc80000,0x00000000f7a80000)
 ParOldGen       total 486912K, used 244422K [0x00000000a0000000, 0x00000000bdb80000, 0x00000000e0000000)
  object space 486912K, 50% used [0x00000000a0000000,0x00000000aeeb1870,0x00000000bdb80000)
 Metaspace       used 91478K, capacity 97972K, committed 99672K, reserved 1134592K
  class space    used 11713K, capacity 13225K, committed 13656K, reserved 1048576K
Event: 13888.959 GC heap after
Heap after GC invocations=77 (full 10):
 PSYoungGen      total 273408K, used 14800K [0x00000000e0000000, 0x00000000fef80000, 0x0000000100000000)
  eden space 258560K, 0% used [0x00000000e0000000,0x00000000e0000000,0x00000000efc80000)
  from space 14848K, 99% used [0x00000000efc80000,0x00000000f0af40d0,0x00000000f0b00000)
  to   space 124416K, 0% used [0x00000000f7600000,0x00000000f7600000,0x00000000fef80000)
 ParOldGen       total 486912K, used 244422K [0x00000000a0000000, 0x00000000bdb80000, 0x00000000e0000000)
  object space 486912K, 50% used [0x00000000a0000000,0x00000000aeeb1870,0x00000000bdb80000)
 Metaspace       used 91478K, capacity 97972K, committed 99672K, reserved 1134592K
  class space    used 11713K, capacity 13225K, committed 13656K, reserved 1048576K
}
Event: 13889.975 GC heap before
{Heap before GC invocations=78 (full 10):
 PSYoungGen      total 273408K, used 273360K [0x00000000e0000000, 0x00000000fef80000, 0x0000000100000000)
  eden space 258560K, 100% used [0x00000000e0000000,0x00000000efc80000,0x00000000efc80000)
  from space 14848K, 99% used [0x00000000efc80000,0x00000000f0af40d0,0x00000000f0b00000)
  to   space 124416K, 0% used [0x00000000f7600000,0x00000000f7600000,0x00000000fef80000)
 ParOldGen       total 486912K, used 244422K [0x00000000a0000000, 0x00000000bdb80000, 0x00000000e0000000)
  object space 486912K, 50% used [0x00000000a0000000,0x00000000aeeb1870,0x00000000bdb80000)
 Metaspace       used 91569K, capacity 98046K, committed 99672K, reserved 1134592K
  class space    used 11714K, capacity 13226K, committed 13656K, reserved 1048576K
Event: 13890.016 GC heap after
Heap after GC invocations=78 (full 10):
 PSYoungGen      total 390144K, used 30208K [0x00000000e0000000, 0x0000000100000000, 0x0000000100000000)
  eden space 265728K, 0% used [0x00000000e0000000,0x00000000e0000000,0x00000000f0380000)
  from space 124416K, 24% used [0x00000000f7600000,0x00000000f93800f8,0x00000000fef80000)
  to   space 117248K, 0% used [0x00000000f0380000,0x00000000f0380000,0x00000000f7600000)
 ParOldGen       total 486912K, used 257833K [0x00000000a0000000, 0x00000000bdb80000, 0x00000000e0000000)
  object space 486912K, 52% used [0x00000000a0000000,0x00000000afbca4a8,0x00000000bdb80000)
 Metaspace       used 91569K, capacity 98046K, committed 99672K, reserved 1134592K
  class space    used 11714K, capacity 13226K, committed 13656K, reserved 1048576K
}
Event: 13891.268 GC heap before
{Heap before GC invocations=79 (full 10):
 PSYoungGen      total 390144K, used 294638K [0x00000000e0000000, 0x0000000100000000, 0x0000000100000000)
  eden space 265728K, 99% used [0x00000000e0000000,0x00000000f023b908,0x00000000f0380000)
  from space 124416K, 24% used [0x00000000f7600000,0x00000000f93800f8,0x00000000fef80000)
  to   space 117248K, 0% used [0x00000000f0380000,0x00000000f0380000,0x00000000f7600000)
 ParOldGen       total 486912K, used 257833K [0x00000000a0000000, 0x00000000bdb80000, 0x00000000e0000000)
  object space 486912K, 52% used [0x00000000a0000000,0x00000000afbca4a8,0x00000000bdb80000)
 Metaspace       used 91638K, capacity 98190K, committed 99672K, reserved 1134592K
  class space    used 11727K, capacity 13250K, committed 13656K, reserved 1048576K
Event: 13891.276 GC heap after
Heap after GC invocations=79 (full 10):
 PSYoungGen      total 382976K, used 11760K [0x00000000e0000000, 0x00000000ff200000, 0x0000000100000000)
  eden space 265728K, 0% used [0x00000000e0000000,0x00000000e0000000,0x00000000f0380000)
  from space 117248K, 10% used [0x00000000f0380000,0x00000000f0efc3a0,0x00000000f7600000)
  to   space 113664K, 0% used [0x00000000f8300000,0x00000000f8300000,0x00000000ff200000)
 ParOldGen       total 486912K, used 258945K [0x00000000a0000000, 0x00000000bdb80000, 0x00000000e0000000)
  object space 486912K, 53% used [0x00000000a0000000,0x00000000afce0558,0x00000000bdb80000)
 Metaspace       used 91638K, capacity 98190K, committed 99672K, reserved 1134592K
  class space    used 11727K, capacity 13250K, committed 13656K, reserved 1048576K
}

